<?xml version="1.0" encoding="UTF-8"?>
<!-- Generated by org.testng.reporters.JUnitReportReporter -->
<testsuite hostname="Copious-1197" failures="0" tests="2" name="JDGroup.AndroidTest.LoginTest2" time="75.338" errors="0" timestamp="2024-04-17T19:00:10 SAST" skipped="0">
  <testcase classname="JDGroup.AndroidTest.LoginTest2" name="browserTest" time="34.547"/>
  <system-out/>
  <testcase classname="JDGroup.AndroidTest.LoginTest2" name="browserTest" time="40.791"/>
  <system-out/>
</testsuite> <!-- JDGroup.AndroidTest.LoginTest2 -->
