<?xml version="1.0" encoding="UTF-8"?>
<!-- Generated by org.testng.reporters.JUnitReportReporter -->
<testsuite hostname="Copious-1197" failures="0" tests="1" name="JDGroup.AndroidTest.MobileBrowserTest" time="9.454" errors="0" timestamp="2024-04-15T08:35:09 SAST" skipped="0">
  <testcase classname="JDGroup.AndroidTest.MobileBrowserTest" name="browserTest" time="9.454"/>
</testsuite> <!-- JDGroup.AndroidTest.MobileBrowserTest -->
