<?xml version="1.0" encoding="UTF-8"?>
<!-- Generated by org.testng.reporters.JUnitReportReporter -->
<testsuite hostname="Copious-1197" failures="0" tests="2" name="JDGroup.AndroidTest.LoginTest" time="100.969" errors="0" timestamp="2024-04-18T11:07:01 SAST" skipped="0">
  <testcase classname="JDGroup.AndroidTest.LoginTest" name="browserTest" time="54.008"/>
  <system-out/>
  <testcase classname="JDGroup.AndroidTest.LoginTest" name="browserTest" time="46.961"/>
  <system-out/>
</testsuite> <!-- JDGroup.AndroidTest.LoginTest -->
