<?xml version="1.0" encoding="UTF-8"?>
<!-- Generated by org.testng.reporters.JUnitReportReporter -->
<testsuite hostname="Copious-1197" failures="0" tests="1" name="JDGroup.AndroidTest.AppTest" time="3.055" errors="0" timestamp="2024-04-15T07:08:11 SAST" skipped="0">
  <testcase classname="JDGroup.AndroidTest.AppTest" name="AppClickOnPreference" time="3.055"/>
</testsuite> <!-- JDGroup.AndroidTest.AppTest -->
