<?xml version="1.0" encoding="UTF-8"?>
<!-- Generated by org.testng.reporters.JUnitReportReporter -->
<testsuite hostname="Copious-1197" failures="0" tests="1" name="JDGroup.AndroidTest.IncorrectLoginTest" time="0.000" errors="0" timestamp="2024-04-18T21:40:08 SAST" skipped="1">
  <testcase classname="JDGroup.AndroidTest.IncorrectLoginTest" name="browserTest" time="0.000">
    <skipped/>
  </testcase> <!-- browserTest -->
  <system-out/>
</testsuite> <!-- JDGroup.AndroidTest.IncorrectLoginTest -->
