<?xml version="1.0" encoding="UTF-8"?>
<!-- Generated by org.testng.reporters.JUnitReportReporter -->
<testsuite hostname="Copious-1197" failures="0" tests="2" name="JDGroup.AndroidTest.ForgotPasswordTest" time="104.309" errors="0" timestamp="2024-04-20T18:31:36 SAST" skipped="0">
  <testcase classname="JDGroup.AndroidTest.ForgotPasswordTest" name="Forgotpassword" time="47.646"/>
  <system-out/>
  <testcase classname="JDGroup.AndroidTest.ForgotPasswordTest" name="Forgotpassword" time="56.663"/>
  <system-out/>
</testsuite> <!-- JDGroup.AndroidTest.ForgotPasswordTest -->
