<?xml version="1.0" encoding="UTF-8"?>
<!-- Generated by org.testng.reporters.JUnitReportReporter -->
<testsuite hostname="Copious-1197" failures="0" tests="2" name="JDGroup.AndroidTest.LoginTest" time="164.989" errors="0" timestamp="2024-04-19T13:41:43 SAST" skipped="0">
  <testcase classname="JDGroup.AndroidTest.LoginTest" name="Login" time="103.585"/>
  <system-out/>
  <testcase classname="JDGroup.AndroidTest.LoginTest" name="Login" time="61.404"/>
  <system-out/>
</testsuite> <!-- JDGroup.AndroidTest.LoginTest -->
