<?xml version="1.0" encoding="UTF-8"?>
<!-- Generated by org.testng.reporters.JUnitReportReporter -->
<testsuite hostname="Copious-1197" failures="0" tests="3" name="JDGroup.AndroidTest.ForgotPasswordTest" time="249.429" errors="0" timestamp="2024-04-22T13:20:33 SAST" skipped="1">
  <testcase classname="JDGroup.AndroidTest.ForgotPasswordTest" name="Forgotpassword" time="79.122">
    <skipped/>
  </testcase> <!-- Forgotpassword -->
  <system-out/>
  <testcase classname="JDGroup.AndroidTest.ForgotPasswordTest" name="Forgotpassword" time="92.656"/>
  <system-out/>
  <testcase classname="JDGroup.AndroidTest.ForgotPasswordTest" name="Forgotpassword" time="77.651"/>
  <system-out/>
</testsuite> <!-- JDGroup.AndroidTest.ForgotPasswordTest -->
