<?xml version="1.0" encoding="UTF-8"?>
<!-- Generated by org.testng.reporters.JUnitReportReporter -->
<testsuite hostname="Copious-1197" failures="0" tests="2" name="JDGroup.AndroidTest.MobileBrowserTestDataDriven" time="106.668" errors="0" timestamp="2024-04-15T12:11:10 SAST" skipped="0">
  <testcase classname="JDGroup.AndroidTest.MobileBrowserTestDataDriven" name="browserTest" time="50.346"/>
  <system-out/>
  <testcase classname="JDGroup.AndroidTest.MobileBrowserTestDataDriven" name="browserTest" time="56.322"/>
  <system-out/>
</testsuite> <!-- JDGroup.AndroidTest.MobileBrowserTestDataDriven -->
